2024-03-23 09:20:44,041:INFO:Starting ETL process
2024-03-23 09:20:44,041:INFO:Starting data extraction
2024-03-23 09:20:44,073:INFO:Data extraction completed
2024-03-23 09:20:44,073:INFO:Starting data transformation
2024-03-23 09:20:44,077:INFO:Data transformation completed
2024-03-23 09:20:44,077:INFO:Starting data loading
2024-03-23 09:20:44,132:INFO:Data loading completed
2024-03-23 09:20:44,132:INFO:ETL process completed
2024-03-23 09:20:44,132:INFO:Starting file moving
2024-03-23 09:20:44,132:INFO:File moving completed
2024-03-23 09:20:44,132:INFO:Starting downsampling
2024-03-23 09:20:44,234:INFO:Train file created
2024-03-23 09:20:44,241:INFO:Test file created
2024-03-23 12:14:09,395:INFO:Starting ETL process
2024-03-23 12:14:09,396:INFO:Starting data extraction
2024-03-23 12:14:09,417:INFO:Data extraction completed
2024-03-23 12:14:09,417:INFO:Starting data transformation
2024-03-23 12:14:09,430:INFO:Data transformation completed
2024-03-23 12:14:09,430:INFO:Starting data loading
2024-03-23 12:14:09,463:INFO:Data loading completed
2024-03-23 12:14:09,463:INFO:ETL process completed
2024-03-23 12:14:09,463:INFO:Starting file moving
2024-03-23 12:14:09,463:INFO:File moving completed
2024-03-23 12:14:09,463:INFO:Starting downsampling
2024-03-23 12:14:09,617:INFO:Train file created
2024-03-23 12:14:09,627:INFO:Test file created
